<?xml version="1.0" encoding="UTF-8"?>
<!-- Generated by org.testng.reporters.JUnitReportReporter -->
<testsuite skipped="0" hostname="Dave-PC" name="com.crm.qa.testcases.HomePageTest" tests="3" failures="0" timestamp="2020-04-03T12:48:13 PDT" time="34.351" errors="0">
  <testcase name="verifyHomePageTitleTest" time="12.097" classname="com.crm.qa.testcases.HomePageTest"/>
  <system-out/>
  <testcase name="verifyUserNameTest" time="10.693" classname="com.crm.qa.testcases.HomePageTest"/>
  <system-out/>
  <testcase name="verifyContactPagelink" time="11.561" classname="com.crm.qa.testcases.HomePageTest"/>
  <system-out/>
</testsuite> <!-- com.crm.qa.testcases.HomePageTest -->
